#
# There is insufficient memory for the Java Runtime Environment to continue.
# Native memory allocation (mmap) failed to map 70254592 bytes for committing reserved memory.
# Possible reasons:
#   The system is out of physical RAM or swap space
#   In 32 bit mode, the process size limit was hit
# Possible solutions:
#   Reduce memory load on the system
#   Increase physical memory or swap space
#   Check if swap backing store is full
#   Use 64 bit Java on a 64 bit OS
#   Decrease Java heap size (-Xmx/-Xms)
#   Decrease number of Java threads
#   Decrease Java thread stack sizes (-Xss)
#   Set larger code cache with -XX:ReservedCodeCacheSize=
# This output file may be truncated or incomplete.
#
#  Out of Memory Error (os_linux.cpp:2627), pid=12286, tid=139761526920960
#
# JRE version: Java(TM) SE Runtime Environment (8.0_91-b14) (build 1.8.0_91-b14)
# Java VM: Java HotSpot(TM) 64-Bit Server VM (25.91-b14 mixed mode linux-amd64 compressed oops)
# Failed to write core dump. Core dumps have been disabled. To enable core dumping, try "ulimit -c unlimited" before starting Java again
#

---------------  T H R E A D  ---------------

Current thread (0x00007f1cc0078000):  VMThread [stack: 0x00007f1cc41a5000,0x00007f1cc42a6000] [id=12296]

Stack: [0x00007f1cc41a5000,0x00007f1cc42a6000],  sp=0x00007f1cc42a41e0,  free space=1020k
Native frames: (J=compiled Java code, j=interpreted, Vv=VM code, C=native code)
V  [libjvm.so+0xabc18a]  VMError::report_and_die()+0x2ba
V  [libjvm.so+0x4fafeb]  report_vm_out_of_memory(char const*, int, unsigned long, VMErrorType, char const*)+0x8b
V  [libjvm.so+0x91cbb3]  os::Linux::commit_memory_impl(char*, unsigned long, bool)+0x103
V  [libjvm.so+0x91d109]  os::pd_commit_memory(char*, unsigned long, unsigned long, bool)+0x29
V  [libjvm.so+0x91740a]  os::commit_memory(char*, unsigned long, unsigned long, bool)+0x2a
V  [libjvm.so+0x98b033]  PSVirtualSpace::expand_by(unsigned long)+0x53
V  [libjvm.so+0x98c438]  PSYoungGen::resize_generation(unsigned long, unsigned long)+0xf8
V  [libjvm.so+0x98b592]  PSYoungGen::resize(unsigned long, unsigned long)+0x22
V  [libjvm.so+0x98886b]  PSScavenge::invoke_no_policy()+0xf3b
V  [libjvm.so+0x988ff1]  PSScavenge::invoke()+0x41
V  [libjvm.so+0x9408b0]  ParallelScavengeHeap::failed_mem_allocate(unsigned long)+0x70
V  [libjvm.so+0xabdba7]  VM_ParallelGCFailedAllocation::doit()+0x97
V  [libjvm.so+0xac55d5]  VM_Operation::evaluate()+0x55
V  [libjvm.so+0xac39aa]  VMThread::evaluate_operation(VM_Operation*)+0xba
V  [libjvm.so+0xac3d2e]  VMThread::loop()+0x1ce
V  [libjvm.so+0xac41a0]  VMThread::run()+0x70
V  [libjvm.so+0x91ef78]  java_start(Thread*)+0x108

VM_Operation (0x00007f1cae012de0): ParallelGCFailedAllocation, mode: safepoint, requested by thread 0x00007f1cc014b800


---------------  P R O C E S S  ---------------

Java Threads: ( => current thread )
  0x00007f1cc014e000 JavaThread "pool-1-thread-4" [_thread_blocked, id=12348, stack(0x00007f1cadd12000,0x00007f1cade13000)]
  0x00007f1cc014c800 JavaThread "pool-1-thread-3" [_thread_blocked, id=12347, stack(0x00007f1cade13000,0x00007f1cadf14000)]
  0x00007f1cc014b800 JavaThread "pool-1-thread-2" [_thread_blocked, id=12346, stack(0x00007f1cadf14000,0x00007f1cae015000)]
  0x00007f1cc0148000 JavaThread "pool-2-thread-1" [_thread_blocked, id=12345, stack(0x00007f1cae015000,0x00007f1cae116000)]
  0x00007f1cc0146000 JavaThread "pool-1-thread-1" [_thread_blocked, id=12344, stack(0x00007f1cae116000,0x00007f1cae217000)]
  0x00007f1cc00c0000 JavaThread "Service Thread" daemon [_thread_blocked, id=12318, stack(0x00007f1cae318000,0x00007f1cae419000)]
  0x00007f1cc00bd000 JavaThread "C1 CompilerThread2" daemon [_thread_blocked, id=12317, stack(0x00007f1cae419000,0x00007f1cae51a000)]
  0x00007f1cc00bb800 JavaThread "C2 CompilerThread1" daemon [_thread_blocked, id=12316, stack(0x00007f1cae51a000,0x00007f1cae61b000)]
  0x00007f1cc00b8800 JavaThread "C2 CompilerThread0" daemon [_thread_blocked, id=12315, stack(0x00007f1cae61b000,0x00007f1cae71c000)]
  0x00007f1cc00b7000 JavaThread "Signal Dispatcher" daemon [_thread_blocked, id=12313, stack(0x00007f1cae71c000,0x00007f1cae81d000)]
  0x00007f1cc0084000 JavaThread "Finalizer" daemon [_thread_blocked, id=12298, stack(0x00007f1caeeff000,0x00007f1caf000000)]
  0x00007f1cc007f800 JavaThread "Reference Handler" daemon [_thread_blocked, id=12297, stack(0x00007f1cc40a4000,0x00007f1cc41a5000)]
  0x00007f1cc000a000 JavaThread "main" [_thread_blocked, id=12291, stack(0x00007f1cc9852000,0x00007f1cc9953000)]

Other Threads:
=>0x00007f1cc0078000 VMThread [stack: 0x00007f1cc41a5000,0x00007f1cc42a6000] [id=12296]
  0x00007f1cc00c2800 WatcherThread [stack: 0x00007f1cae217000,0x00007f1cae318000] [id=12319]

VM state:at safepoint (normal execution)

VM Mutex/Monitor currently owned by a thread:  ([mutex/lock_event])
[0x00007f1cc0006510] Threads_lock - owner thread: 0x00007f1cc0078000
[0x00007f1cc0006a10] Heap_lock - owner thread: 0x00007f1cc014b800

Heap:
 PSYoungGen      total 70656K, used 10220K [0x00000000eab00000, 0x00000000efb00000, 0x0000000100000000)
  eden space 60416K, 0% used [0x00000000eab00000,0x00000000eab00000,0x00000000ee600000)
  from space 10240K, 99% used [0x00000000ee600000,0x00000000eeffb2c0,0x00000000ef000000)
  to   space 9216K, 0% used [0x00000000ef000000,0x00000000ef000000,0x00000000ef900000)
 ParOldGen       total 40960K, used 18279K [0x00000000c0000000, 0x00000000c2800000, 0x00000000eab00000)
  object space 40960K, 44% used [0x00000000c0000000,0x00000000c11d9c60,0x00000000c2800000)
 Metaspace       used 6011K, capacity 6960K, committed 7040K, reserved 1056768K
  class space    used 594K, capacity 616K, committed 640K, reserved 1048576K

Card table byte_map: [0x00007f1cc6410000,0x00007f1cc6611000] byte_map_base: 0x00007f1cc5e10000

Marking Bits: (ParMarkBitMap*) 0x00007f1cc8d26d60
 Begin Bits: [0x00007f1caf000000, 0x00007f1cb0000000)
 End Bits:   [0x00007f1cb0000000, 0x00007f1cb1000000)

Polling page: 0x00007f1cc996f000

CodeCache: size=245760Kb used=4779Kb max_used=4796Kb free=240980Kb
 bounds [0x00007f1cb1000000, 0x00007f1cb14c0000, 0x00007f1cc0000000]
 total_blobs=1558 nmethods=1289 adapters=182
 compilation: enabled

Compilation events (10 events):
Event: 7.551 Thread 0x00007f1cc00bb800 nmethod 1447 0x00007f1cb149e4d0 code [0x00007f1cb149e620, 0x00007f1cb149e6a8]
Event: 7.551 Thread 0x00007f1cc00bb800 1471       4       com.android.dx.rop.code.RegisterSpec::make (7 bytes)
Event: 7.552 Thread 0x00007f1cc00bb800 nmethod 1471 0x00007f1cb13d7890 code [0x00007f1cb13d79e0, 0x00007f1cb13d7a48]
Event: 7.552 Thread 0x00007f1cc00bb800 1455       4       com.android.dx.rop.code.BasicBlockList$RegCountVisitor::visitPlainInsn (6 bytes)
Event: 7.561 Thread 0x00007f1cc00bb800 nmethod 1455 0x00007f1cb14967d0 code [0x00007f1cb1496960, 0x00007f1cb1496c58]
Event: 7.561 Thread 0x00007f1cc00bb800 1513       4       com.android.dx.ssa.SCCP::addBlockToWorklist (47 bytes)
Event: 7.633 Thread 0x00007f1cc00b8800 nmethod 1068 0x00007f1cb14a3950 code [0x00007f1cb14a41e0, 0x00007f1cb14a89e0]
Event: 7.634 Thread 0x00007f1cc00b8800 1499       4       com.android.dx.rop.code.RopMethod::labelToPredecessors (54 bytes)
Event: 7.716 Thread 0x00007f1cc00b8800 nmethod 1499 0x00007f1cb14b46d0 code [0x00007f1cb14b4920, 0x00007f1cb14b5ed8]
Event: 7.716 Thread 0x00007f1cc00b8800 1532       4       com.android.dx.rop.code.InsnList::set (7 bytes)

GC Heap History (10 events):
Event: 3.227 GC heap after
Heap after GC invocations=2 (full 0):
 PSYoungGen      total 17920K, used 2554K [0x00000000eab00000, 0x00000000ece00000, 0x0000000100000000)
  eden space 15360K, 0% used [0x00000000eab00000,0x00000000eab00000,0x00000000eba00000)
  from space 2560K, 99% used [0x00000000ebc80000,0x00000000ebefeb18,0x00000000ebf00000)
  to   space 2560K, 0% used [0x00000000eba00000,0x00000000eba00000,0x00000000ebc80000)
 ParOldGen       total 40960K, used 2263K [0x00000000c0000000, 0x00000000c2800000, 0x00000000eab00000)
  object space 40960K, 5% used [0x00000000c0000000,0x00000000c0235c60,0x00000000c2800000)
 Metaspace       used 5720K, capacity 6704K, committed 6784K, reserved 1056768K
  class space    used 591K, capacity 616K, committed 640K, reserved 1048576K
}
Event: 4.324 GC heap before
{Heap before GC invocations=3 (full 0):
 PSYoungGen      total 17920K, used 17914K [0x00000000eab00000, 0x00000000ece00000, 0x0000000100000000)
  eden space 15360K, 100% used [0x00000000eab00000,0x00000000eba00000,0x00000000eba00000)
  from space 2560K, 99% used [0x00000000ebc80000,0x00000000ebefeb18,0x00000000ebf00000)
  to   space 2560K, 0% used [0x00000000eba00000,0x00000000eba00000,0x00000000ebc80000)
 ParOldGen       total 40960K, used 2263K [0x00000000c0000000, 0x00000000c2800000, 0x00000000eab00000)
  object space 40960K, 5% used [0x00000000c0000000,0x00000000c0235c60,0x00000000c2800000)
 Metaspace       used 5867K, capacity 6832K, committed 7040K, reserved 1056768K
  class space    used 593K, capacity 616K, committed 640K, reserved 1048576K
Event: 4.377 GC heap after
Heap after GC invocations=3 (full 0):
 PSYoungGen      total 17920K, used 2529K [0x00000000eab00000, 0x00000000ece00000, 0x0000000100000000)
  eden space 15360K, 0% used [0x00000000eab00000,0x00000000eab00000,0x00000000eba00000)
  from space 2560K, 98% used [0x00000000eba00000,0x00000000ebc785c0,0x00000000ebc80000)
  to   space 2560K, 0% used [0x00000000ecb80000,0x00000000ecb80000,0x00000000ece00000)
 ParOldGen       total 40960K, used 4935K [0x00000000c0000000, 0x00000000c2800000, 0x00000000eab00000)
  object space 40960K, 12% used [0x00000000c0000000,0x00000000c04d1c78,0x00000000c2800000)
 Metaspace       used 5867K, capacity 6832K, committed 7040K, reserved 1056768K
  class space    used 593K, capacity 616K, committed 640K, reserved 1048576K
}
Event: 5.148 GC heap before
{Heap before GC invocations=4 (full 0):
 PSYoungGen      total 17920K, used 17889K [0x00000000eab00000, 0x00000000ece00000, 0x0000000100000000)
  eden space 15360K, 100% used [0x00000000eab00000,0x00000000eba00000,0x00000000eba00000)
  from space 2560K, 98% used [0x00000000eba00000,0x00000000ebc785c0,0x00000000ebc80000)
  to   space 2560K, 0% used [0x00000000ecb80000,0x00000000ecb80000,0x00000000ece00000)
 ParOldGen       total 40960K, used 4935K [0x00000000c0000000, 0x00000000c2800000, 0x00000000eab00000)
  object space 40960K, 12% used [0x00000000c0000000,0x00000000c04d1c78,0x00000000c2800000)
 Metaspace       used 5903K, capacity 6896K, committed 7040K, reserved 1056768K
  class space    used 593K, capacity 616K, committed 640K, reserved 1048576K
Event: 5.208 GC heap after
Heap after GC invocations=4 (full 0):
 PSYoungGen      total 33280K, used 2529K [0x00000000eab00000, 0x00000000ece00000, 0x0000000100000000)
  eden space 30720K, 0% used [0x00000000eab00000,0x00000000eab00000,0x00000000ec900000)
  from space 2560K, 98% used [0x00000000ecb80000,0x00000000ecdf85c0,0x00000000ece00000)
  to   space 2560K, 0% used [0x00000000ec900000,0x00000000ec900000,0x00000000ecb80000)
 ParOldGen       total 40960K, used 7708K [0x00000000c0000000, 0x00000000c2800000, 0x00000000eab00000)
  object space 40960K, 18% used [0x00000000c0000000,0x00000000c0787048,0x00000000c2800000)
 Metaspace       used 5903K, capacity 6896K, committed 7040K, reserved 1056768K
  class space    used 593K, capacity 616K, committed 640K, reserved 1048576K
}
Event: 6.149 GC heap before
{Heap before GC invocations=5 (full 0):
 PSYoungGen      total 33280K, used 33249K [0x00000000eab00000, 0x00000000ece00000, 0x0000000100000000)
  eden space 30720K, 100% used [0x00000000eab00000,0x00000000ec900000,0x00000000ec900000)
  from space 2560K, 98% used [0x00000000ecb80000,0x00000000ecdf85c0,0x00000000ece00000)
  to   space 2560K, 0% used [0x00000000ec900000,0x00000000ec900000,0x00000000ecb80000)
 ParOldGen       total 40960K, used 7708K [0x00000000c0000000, 0x00000000c2800000, 0x00000000eab00000)
  object space 40960K, 18% used [0x00000000c0000000,0x00000000c0787048,0x00000000c2800000)
 Metaspace       used 5931K, capacity 6896K, committed 7040K, reserved 1056768K
  class space    used 594K, capacity 616K, committed 640K, reserved 1048576K
Event: 6.207 GC heap after
Heap after GC invocations=5 (full 0):
 PSYoungGen      total 33280K, used 2545K [0x00000000eab00000, 0x00000000ef900000, 0x0000000100000000)
  eden space 30720K, 0% used [0x00000000eab00000,0x00000000eab00000,0x00000000ec900000)
  from space 2560K, 99% used [0x00000000ec900000,0x00000000ecb7c5d0,0x00000000ecb80000)
  to   space 9216K, 0% used [0x00000000ef000000,0x00000000ef000000,0x00000000ef900000)
 ParOldGen       total 40960K, used 12716K [0x00000000c0000000, 0x00000000c2800000, 0x00000000eab00000)
  object space 40960K, 31% used [0x00000000c0000000,0x00000000c0c6b158,0x00000000c2800000)
 Metaspace       used 5931K, capacity 6896K, committed 7040K, reserved 1056768K
  class space    used 594K, capacity 616K, committed 640K, reserved 1048576K
}
Event: 6.753 GC heap before
{Heap before GC invocations=6 (full 0):
 PSYoungGen      total 33280K, used 33265K [0x00000000eab00000, 0x00000000ef900000, 0x0000000100000000)
  eden space 30720K, 100% used [0x00000000eab00000,0x00000000ec900000,0x00000000ec900000)
  from space 2560K, 99% used [0x00000000ec900000,0x00000000ecb7c5d0,0x00000000ecb80000)
  to   space 9216K, 0% used [0x00000000ef000000,0x00000000ef000000,0x00000000ef900000)
 ParOldGen       total 40960K, used 12716K [0x00000000c0000000, 0x00000000c2800000, 0x00000000eab00000)
  object space 40960K, 31% used [0x00000000c0000000,0x00000000c0c6b158,0x00000000c2800000)
 Metaspace       used 5964K, capacity 6896K, committed 7040K, reserved 1056768K
  class space    used 594K, capacity 616K, committed 640K, reserved 1048576K
Event: 6.796 GC heap after
Heap after GC invocations=6 (full 0):
 PSYoungGen      total 69632K, used 7422K [0x00000000eab00000, 0x00000000efb00000, 0x0000000100000000)
  eden space 60416K, 0% used [0x00000000eab00000,0x00000000eab00000,0x00000000ee600000)
  from space 9216K, 80% used [0x00000000ef000000,0x00000000ef73f880,0x00000000ef900000)
  to   space 10240K, 0% used [0x00000000ee600000,0x00000000ee600000,0x00000000ef000000)
 ParOldGen       total 40960K, used 12716K [0x00000000c0000000, 0x00000000c2800000, 0x00000000eab00000)
  object space 40960K, 31% used [0x00000000c0000000,0x00000000c0c6b158,0x00000000c2800000)
 Metaspace       used 5964K, capacity 6896K, committed 7040K, reserved 1056768K
  class space    used 594K, capacity 616K, committed 640K, reserved 1048576K
}
Event: 7.717 GC heap before
{Heap before GC invocations=7 (full 0):
 PSYoungGen      total 69632K, used 67838K [0x00000000eab00000, 0x00000000efb00000, 0x0000000100000000)
  eden space 60416K, 100% used [0x00000000eab00000,0x00000000ee600000,0x00000000ee600000)
  from space 9216K, 80% used [0x00000000ef000000,0x00000000ef73f880,0x00000000ef900000)
  to   space 10240K, 0% used [0x00000000ee600000,0x00000000ee600000,0x00000000ef000000)
 ParOldGen       total 40960K, used 12716K [0x00000000c0000000, 0x00000000c2800000, 0x00000000eab00000)
  object space 40960K, 31% used [0x00000000c0000000,0x00000000c0c6b158,0x00000000c2800000)
 Metaspace       used 6011K, capacity 6960K, committed 7040K, reserved 1056768K
  class space    used 594K, capacity 616K, committed 640K, reserved 1048576K

Deoptimization events (10 events):
Event: 5.225 Thread 0x00007f1cc0146000 Uncommon trap: reason=unstable_if action=reinterpret pc=0x00007f1cb121d69c method=com.android.dx.rop.cst.Constant.compareTo(Lcom/android/dx/rop/cst/Constant;)I @ 12
Event: 5.417 Thread 0x00007f1cc014b800 Uncommon trap: reason=unstable_if action=reinterpret pc=0x00007f1cb132c844 method=com.android.dx.util.IntList.binarysearch(I)I @ 105
Event: 5.468 Thread 0x00007f1cc000a000 Uncommon trap: reason=unstable_if action=reinterpret pc=0x00007f1cb12a96fc method=com.android.dx.ssa.SsaMethod.updateOneDefinition(Lcom/android/dx/ssa/SsaInsn;Lcom/android/dx/rop/code/RegisterSpec;)V @ 4
Event: 5.620 Thread 0x00007f1cc014b800 Uncommon trap: reason=unstable_if action=reinterpret pc=0x00007f1cb123aa40 method=com.android.dx.rop.code.RegisterSpec.equals(ILcom/android/dx/rop/type/TypeBearer;Lcom/android/dx/rop/code/LocalItem;)Z @ 42
Event: 5.827 Thread 0x00007f1cc014b800 Uncommon trap: reason=bimorphic action=maybe_recompile pc=0x00007f1cb12905f8 method=java.util.HashMap.getNode(ILjava/lang/Object;)Ljava/util/HashMap$Node; @ 126
Event: 5.828 Thread 0x00007f1cc014b800 Uncommon trap: reason=bimorphic action=maybe_recompile pc=0x00007f1cb12905f8 method=java.util.HashMap.getNode(ILjava/lang/Object;)Ljava/util/HashMap$Node; @ 126
Event: 5.828 Thread 0x00007f1cc014b800 Uncommon trap: reason=bimorphic action=maybe_recompile pc=0x00007f1cb12905f8 method=java.util.HashMap.getNode(ILjava/lang/Object;)Ljava/util/HashMap$Node; @ 126
Event: 5.840 Thread 0x00007f1cc014b800 Uncommon trap: reason=bimorphic action=maybe_recompile pc=0x00007f1cb12905f8 method=java.util.HashMap.getNode(ILjava/lang/Object;)Ljava/util/HashMap$Node; @ 126
Event: 5.840 Thread 0x00007f1cc014b800 Uncommon trap: reason=bimorphic action=maybe_recompile pc=0x00007f1cb124b474 method=java.util.HashMap.getNode(ILjava/lang/Object;)Ljava/util/HashMap$Node; @ 126
Event: 7.670 Thread 0x00007f1cc014e000 Uncommon trap: reason=unstable_if action=reinterpret pc=0x00007f1cb14a6dfc method=com.android.dx.ssa.SCCP.simulateStmt(Lcom/android/dx/ssa/SsaInsn;)V @ 53

Internal exceptions (3 events):
Event: 0.461 Thread 0x00007f1cc000a000 Exception <a 'java/lang/NoSuchMethodError': Method sun.misc.Unsafe.defineClass(Ljava/lang/String;[BII)Ljava/lang/Class; name or signature does not match> (0x00000000eab07cc0) thrown at [/HUDSON/workspace/8-2-build-linux-amd64/jdk8u91/6644/hotspot/src/shar
Event: 0.461 Thread 0x00007f1cc000a000 Exception <a 'java/lang/NoSuchMethodError': Method sun.misc.Unsafe.prefetchRead(Ljava/lang/Object;J)V name or signature does not match> (0x00000000eab07fa8) thrown at [/HUDSON/workspace/8-2-build-linux-amd64/jdk8u91/6644/hotspot/src/share/vm/prims/jni.cpp
Event: 3.323 Thread 0x00007f1cc014b800 Implicit null exception at 0x00007f1cb1258722 to 0x00007f1cb1258825

Events (10 events):
Event: 7.590 Thread 0x00007f1cc0146000 DEOPT PACKING pc=0x00007f1cb12fb44d sp=0x00007f1cae214ce0
Event: 7.590 Thread 0x00007f1cc0146000 DEOPT UNPACKING pc=0x00007f1cb1047633 sp=0x00007f1cae214a70 mode 0
Event: 7.613 Thread 0x00007f1cc014e000 DEOPT PACKING pc=0x00007f1cb139c4ec sp=0x00007f1cade10ee0
Event: 7.613 Thread 0x00007f1cc014e000 DEOPT UNPACKING pc=0x00007f1cb1047633 sp=0x00007f1cade10be0 mode 0
Event: 7.670 Thread 0x00007f1cc014e000 Uncommon trap: trap_request=0xffffff65 fr.pc=0x00007f1cb14a6dfc
Event: 7.670 Thread 0x00007f1cc014e000 DEOPT PACKING pc=0x00007f1cb14a6dfc sp=0x00007f1cade10cc0
Event: 7.670 Thread 0x00007f1cc014e000 DEOPT UNPACKING pc=0x00007f1cb1005229 sp=0x00007f1cade10cf8 mode 2
Event: 7.696 Thread 0x00007f1cc0146000 DEOPT PACKING pc=0x00007f1cb12fb44d sp=0x00007f1cae214fa0
Event: 7.696 Thread 0x00007f1cc0146000 DEOPT UNPACKING pc=0x00007f1cb1047633 sp=0x00007f1cae214d40 mode 0
Event: 7.717 Executing VM operation: ParallelGCFailedAllocation


Dynamic libraries:
00400000-00401000 r-xp 00000000 fc:01 12195148                           /usr/lib/jvm/java-8-oracle/bin/java
00600000-00601000 rw-p 00000000 fc:01 12195148                           /usr/lib/jvm/java-8-oracle/bin/java
01265000-01286000 rw-p 00000000 00:00 0                                  [heap]
c0000000-c2800000 rw-p 00000000 00:00 0 
c2800000-eab00000 ---p 00000000 00:00 0 
eab00000-efb00000 rw-p 00000000 00:00 0 
f3e00000-100000000 ---p 00000000 00:00 0 
100000000-1000a0000 rw-p 00000000 00:00 0 
1000a0000-140000000 ---p 00000000 00:00 0 
7f1c60000000-7f1c60021000 rw-p 00000000 00:00 0 
7f1c60021000-7f1c64000000 ---p 00000000 00:00 0 
7f1c68000000-7f1c68021000 rw-p 00000000 00:00 0 
7f1c68021000-7f1c6c000000 ---p 00000000 00:00 0 
7f1c6c000000-7f1c6c02a000 rw-p 00000000 00:00 0 
7f1c6c02a000-7f1c70000000 ---p 00000000 00:00 0 
7f1c70000000-7f1c70021000 rw-p 00000000 00:00 0 
7f1c70021000-7f1c74000000 ---p 00000000 00:00 0 
7f1c74000000-7f1c74029000 rw-p 00000000 00:00 0 
7f1c74029000-7f1c78000000 ---p 00000000 00:00 0 
7f1c78000000-7f1c78021000 rw-p 00000000 00:00 0 
7f1c78021000-7f1c7c000000 ---p 00000000 00:00 0 
7f1c7c000000-7f1c7c021000 rw-p 00000000 00:00 0 
7f1c7c021000-7f1c80000000 ---p 00000000 00:00 0 
7f1c80000000-7f1c806d9000 rw-p 00000000 00:00 0 
7f1c806d9000-7f1c84000000 ---p 00000000 00:00 0 
7f1c84000000-7f1c847b4000 rw-p 00000000 00:00 0 
7f1c847b4000-7f1c88000000 ---p 00000000 00:00 0 
7f1c88000000-7f1c88021000 rw-p 00000000 00:00 0 
7f1c88021000-7f1c8c000000 ---p 00000000 00:00 0 
7f1c8c000000-7f1c8c82b000 rw-p 00000000 00:00 0 
7f1c8c82b000-7f1c90000000 ---p 00000000 00:00 0 
7f1c90000000-7f1c90021000 rw-p 00000000 00:00 0 
7f1c90021000-7f1c94000000 ---p 00000000 00:00 0 
7f1c94000000-7f1c94021000 rw-p 00000000 00:00 0 
7f1c94021000-7f1c98000000 ---p 00000000 00:00 0 
7f1c98000000-7f1c98021000 rw-p 00000000 00:00 0 
7f1c98021000-7f1c9c000000 ---p 00000000 00:00 0 
7f1c9c000000-7f1c9c28c000 rw-p 00000000 00:00 0 
7f1c9c28c000-7f1ca0000000 ---p 00000000 00:00 0 
7f1ca0000000-7f1ca0021000 rw-p 00000000 00:00 0 
7f1ca0021000-7f1ca4000000 ---p 00000000 00:00 0 
7f1ca4000000-7f1ca4021000 rw-p 00000000 00:00 0 
7f1ca4021000-7f1ca8000000 ---p 00000000 00:00 0 
7f1ca8000000-7f1ca8021000 rw-p 00000000 00:00 0 
7f1ca8021000-7f1cac000000 ---p 00000000 00:00 0 
7f1cadd12000-7f1cadd15000 ---p 00000000 00:00 0 
7f1cadd15000-7f1cade13000 rw-p 00000000 00:00 0 
7f1cade13000-7f1cade16000 ---p 00000000 00:00 0 
7f1cade16000-7f1cadf14000 rw-p 00000000 00:00 0 
7f1cadf14000-7f1cadf17000 ---p 00000000 00:00 0 
7f1cadf17000-7f1cae015000 rw-p 00000000 00:00 0 
7f1cae015000-7f1cae018000 ---p 00000000 00:00 0 
7f1cae018000-7f1cae116000 rw-p 00000000 00:00 0 
7f1cae116000-7f1cae119000 ---p 00000000 00:00 0 
7f1cae119000-7f1cae217000 rw-p 00000000 00:00 0 
7f1cae217000-7f1cae218000 ---p 00000000 00:00 0 
7f1cae218000-7f1cae318000 rw-p 00000000 00:00 0 
7f1cae318000-7f1cae31b000 ---p 00000000 00:00 0 
7f1cae31b000-7f1cae419000 rw-p 00000000 00:00 0 
7f1cae419000-7f1cae41c000 ---p 00000000 00:00 0 
7f1cae41c000-7f1cae51a000 rw-p 00000000 00:00 0 
7f1cae51a000-7f1cae51d000 ---p 00000000 00:00 0 
7f1cae51d000-7f1cae61b000 rw-p 00000000 00:00 0 
7f1cae61b000-7f1cae61e000 ---p 00000000 00:00 0 
7f1cae61e000-7f1cae71c000 rw-p 00000000 00:00 0 
7f1cae71c000-7f1cae71f000 ---p 00000000 00:00 0 
7f1cae71f000-7f1cae81d000 rw-p 00000000 00:00 0 
7f1cae81d000-7f1caeeff000 r--p 00000000 fc:01 11934249                   /usr/lib/locale/locale-archive
7f1caeeff000-7f1caef02000 ---p 00000000 00:00 0 
7f1caef02000-7f1cb1000000 rw-p 00000000 00:00 0 
7f1cb1000000-7f1cb14c0000 rwxp 00000000 00:00 0 
7f1cb14c0000-7f1cc0000000 ---p 00000000 00:00 0 
7f1cc0000000-7f1cc038b000 rw-p 00000000 00:00 0 
7f1cc038b000-7f1cc4000000 ---p 00000000 00:00 0 
7f1cc408e000-7f1cc40a4000 r--s 000f1000 00:1c 11274474                   /home/mayo/Workspace/Android/BlueChat/app/build/intermediates/exploded-aar/com.android.support/support-v4/23.4.0/jars/classes.jar
7f1cc40a4000-7f1cc40a7000 ---p 00000000 00:00 0 
7f1cc40a7000-7f1cc41a5000 rw-p 00000000 00:00 0 
7f1cc41a5000-7f1cc41a6000 ---p 00000000 00:00 0 
7f1cc41a6000-7f1cc5267000 rw-p 00000000 00:00 0 
7f1cc5267000-7f1cc5440000 r--s 03d1f000 fc:01 12194811                   /usr/lib/jvm/java-8-oracle/jre/lib/rt.jar
7f1cc5440000-7f1cc5af6000 rw-p 00000000 00:00 0 
7f1cc5af6000-7f1cc5cb6000 ---p 00000000 00:00 0 
7f1cc5cb6000-7f1cc5eb6000 rw-p 00000000 00:00 0 
7f1cc5eb6000-7f1cc5eb7000 ---p 00000000 00:00 0 
7f1cc5eb7000-7f1cc5fb7000 rw-p 00000000 00:00 0 
7f1cc5fb7000-7f1cc5fb8000 ---p 00000000 00:00 0 
7f1cc5fb8000-7f1cc60b8000 rw-p 00000000 00:00 0 
7f1cc60b8000-7f1cc60b9000 ---p 00000000 00:00 0 
7f1cc60b9000-7f1cc61b9000 rw-p 00000000 00:00 0 
7f1cc61b9000-7f1cc61ba000 ---p 00000000 00:00 0 
7f1cc61ba000-7f1cc62ce000 rw-p 00000000 00:00 0 
7f1cc62ce000-7f1cc6410000 ---p 00000000 00:00 0 
7f1cc6410000-7f1cc6424000 rw-p 00000000 00:00 0 
7f1cc6424000-7f1cc6565000 ---p 00000000 00:00 0 
7f1cc6565000-7f1cc658e000 rw-p 00000000 00:00 0 
7f1cc658e000-7f1cc6610000 ---p 00000000 00:00 0 
7f1cc6610000-7f1cc6624000 rw-p 00000000 00:00 0 
7f1cc6624000-7f1cc69d1000 ---p 00000000 00:00 0 
7f1cc69d1000-7f1cc69eb000 r-xp 00000000 fc:01 12587781                   /usr/lib/jvm/java-8-oracle/jre/lib/amd64/libzip.so
7f1cc69eb000-7f1cc6beb000 ---p 0001a000 fc:01 12587781                   /usr/lib/jvm/java-8-oracle/jre/lib/amd64/libzip.so
7f1cc6beb000-7f1cc6bec000 rw-p 0001a000 fc:01 12587781                   /usr/lib/jvm/java-8-oracle/jre/lib/amd64/libzip.so
7f1cc6bec000-7f1cc6bf6000 r-xp 00000000 fc:01 21241548                   /lib/x86_64-linux-gnu/libnss_files-2.19.so
7f1cc6bf6000-7f1cc6df5000 ---p 0000a000 fc:01 21241548                   /lib/x86_64-linux-gnu/libnss_files-2.19.so
7f1cc6df5000-7f1cc6df6000 r--p 00009000 fc:01 21241548                   /lib/x86_64-linux-gnu/libnss_files-2.19.so
7f1cc6df6000-7f1cc6df7000 rw-p 0000a000 fc:01 21241548                   /lib/x86_64-linux-gnu/libnss_files-2.19.so
7f1cc6df7000-7f1cc6e02000 r-xp 00000000 fc:01 21241540                   /lib/x86_64-linux-gnu/libnss_nis-2.19.so
7f1cc6e02000-7f1cc7001000 ---p 0000b000 fc:01 21241540                   /lib/x86_64-linux-gnu/libnss_nis-2.19.so
7f1cc7001000-7f1cc7002000 r--p 0000a000 fc:01 21241540                   /lib/x86_64-linux-gnu/libnss_nis-2.19.so
7f1cc7002000-7f1cc7003000 rw-p 0000b000 fc:01 21241540                   /lib/x86_64-linux-gnu/libnss_nis-2.19.so
7f1cc7003000-7f1cc701a000 r-xp 00000000 fc:01 21241536                   /lib/x86_64-linux-gnu/libnsl-2.19.so
7f1cc701a000-7f1cc7219000 ---p 00017000 fc:01 21241536                   /lib/x86_64-linux-gnu/libnsl-2.19.so
7f1cc7219000-7f1cc721a000 r--p 00016000 fc:01 21241536                   /lib/x86_64-linux-gnu/libnsl-2.19.so
7f1cc721a000-7f1cc721b000 rw-p 00017000 fc:01 21241536                   /lib/x86_64-linux-gnu/libnsl-2.19.so
7f1cc721b000-7f1cc721d000 rw-p 00000000 00:00 0 
7f1cc721d000-7f1cc7226000 r-xp 00000000 fc:01 21241535                   /lib/x86_64-linux-gnu/libnss_compat-2.19.so
7f1cc7226000-7f1cc7425000 ---p 00009000 fc:01 21241535                   /lib/x86_64-linux-gnu/libnss_compat-2.19.so
7f1cc7425000-7f1cc7426000 r--p 00008000 fc:01 21241535                   /lib/x86_64-linux-gnu/libnss_compat-2.19.so
7f1cc7426000-7f1cc7427000 rw-p 00009000 fc:01 21241535                   /lib/x86_64-linux-gnu/libnss_compat-2.19.so
7f1cc7427000-7f1cc7451000 r-xp 00000000 fc:01 12587805                   /usr/lib/jvm/java-8-oracle/jre/lib/amd64/libjava.so
7f1cc7451000-7f1cc7651000 ---p 0002a000 fc:01 12587805                   /usr/lib/jvm/java-8-oracle/jre/lib/amd64/libjava.so
7f1cc7651000-7f1cc7653000 rw-p 0002a000 fc:01 12587805                   /usr/lib/jvm/java-8-oracle/jre/lib/amd64/libjava.so
7f1cc7653000-7f1cc7660000 r-xp 00000000 fc:01 12587829                   /usr/lib/jvm/java-8-oracle/jre/lib/amd64/libverify.so
7f1cc7660000-7f1cc7860000 ---p 0000d000 fc:01 12587829                   /usr/lib/jvm/java-8-oracle/jre/lib/amd64/libverify.so
7f1cc7860000-7f1cc7862000 rw-p 0000d000 fc:01 12587829                   /usr/lib/jvm/java-8-oracle/jre/lib/amd64/libverify.so
7f1cc7862000-7f1cc7869000 r-xp 00000000 fc:01 21241544                   /lib/x86_64-linux-gnu/librt-2.19.so
7f1cc7869000-7f1cc7a68000 ---p 00007000 fc:01 21241544                   /lib/x86_64-linux-gnu/librt-2.19.so
7f1cc7a68000-7f1cc7a69000 r--p 00006000 fc:01 21241544                   /lib/x86_64-linux-gnu/librt-2.19.so
7f1cc7a69000-7f1cc7a6a000 rw-p 00007000 fc:01 21241544                   /lib/x86_64-linux-gnu/librt-2.19.so
7f1cc7a6a000-7f1cc7b6f000 r-xp 00000000 fc:01 21241530                   /lib/x86_64-linux-gnu/libm-2.19.so
7f1cc7b6f000-7f1cc7d6e000 ---p 00105000 fc:01 21241530                   /lib/x86_64-linux-gnu/libm-2.19.so
7f1cc7d6e000-7f1cc7d6f000 r--p 00104000 fc:01 21241530                   /lib/x86_64-linux-gnu/libm-2.19.so
7f1cc7d6f000-7f1cc7d70000 rw-p 00105000 fc:01 21241530                   /lib/x86_64-linux-gnu/libm-2.19.so
7f1cc7d70000-7f1cc8a30000 r-xp 00000000 fc:01 12587828                   /usr/lib/jvm/java-8-oracle/jre/lib/amd64/server/libjvm.so
7f1cc8a30000-7f1cc8c30000 ---p 00cc0000 fc:01 12587828                   /usr/lib/jvm/java-8-oracle/jre/lib/amd64/server/libjvm.so
7f1cc8c30000-7f1cc8d08000 rw-p 00cc0000 fc:01 12587828                   /usr/lib/jvm/java-8-oracle/jre/lib/amd64/server/libjvm.so
7f1cc8d08000-7f1cc8d53000 rw-p 00000000 00:00 0 
7f1cc8d53000-7f1cc8f0d000 r-xp 00000000 fc:01 21241545                   /lib/x86_64-linux-gnu/libc-2.19.so
7f1cc8f0d000-7f1cc910d000 ---p 001ba000 fc:01 21241545                   /lib/x86_64-linux-gnu/libc-2.19.so
7f1cc910d000-7f1cc9111000 r--p 001ba000 fc:01 21241545                   /lib/x86_64-linux-gnu/libc-2.19.so
7f1cc9111000-7f1cc9113000 rw-p 001be000 fc:01 21241545                   /lib/x86_64-linux-gnu/libc-2.19.so
7f1cc9113000-7f1cc9118000 rw-p 00000000 00:00 0 
7f1cc9118000-7f1cc911b000 r-xp 00000000 fc:01 21241532                   /lib/x86_64-linux-gnu/libdl-2.19.so
7f1cc911b000-7f1cc931a000 ---p 00003000 fc:01 21241532                   /lib/x86_64-linux-gnu/libdl-2.19.so
7f1cc931a000-7f1cc931b000 r--p 00002000 fc:01 21241532                   /lib/x86_64-linux-gnu/libdl-2.19.so
7f1cc931b000-7f1cc931c000 rw-p 00003000 fc:01 21241532                   /lib/x86_64-linux-gnu/libdl-2.19.so
7f1cc931c000-7f1cc9331000 r-xp 00000000 fc:01 12976571                   /usr/lib/jvm/java-8-oracle/lib/amd64/jli/libjli.so
7f1cc9331000-7f1cc9531000 ---p 00015000 fc:01 12976571                   /usr/lib/jvm/java-8-oracle/lib/amd64/jli/libjli.so
7f1cc9531000-7f1cc9532000 rw-p 00015000 fc:01 12976571                   /usr/lib/jvm/java-8-oracle/lib/amd64/jli/libjli.so
7f1cc9532000-7f1cc954b000 r-xp 00000000 fc:01 21241537                   /lib/x86_64-linux-gnu/libpthread-2.19.so
7f1cc954b000-7f1cc974a000 ---p 00019000 fc:01 21241537                   /lib/x86_64-linux-gnu/libpthread-2.19.so
7f1cc974a000-7f1cc974b000 r--p 00018000 fc:01 21241537                   /lib/x86_64-linux-gnu/libpthread-2.19.so
7f1cc974b000-7f1cc974c000 rw-p 00019000 fc:01 21241537                   /lib/x86_64-linux-gnu/libpthread-2.19.so
7f1cc974c000-7f1cc9750000 rw-p 00000000 00:00 0 
7f1cc9750000-7f1cc9773000 r-xp 00000000 fc:01 21241538                   /lib/x86_64-linux-gnu/ld-2.19.so
7f1cc9778000-7f1cc9852000 rw-p 00000000 00:00 0 
7f1cc9852000-7f1cc9855000 ---p 00000000 00:00 0 
7f1cc9855000-7f1cc9957000 rw-p 00000000 00:00 0 
7f1cc9957000-7f1cc9966000 r--s 000df000 00:1c 7998957                    /home/mayo/android/build-tools/23.0.3/lib/dx.jar
7f1cc9966000-7f1cc996e000 rw-s 00000000 fc:01 15468909                   /tmp/hsperfdata_mayo/12286
7f1cc996e000-7f1cc996f000 rw-p 00000000 00:00 0 
7f1cc996f000-7f1cc9970000 ---p 00000000 00:00 0 
7f1cc9970000-7f1cc9972000 rw-p 00000000 00:00 0 
7f1cc9972000-7f1cc9973000 r--p 00022000 fc:01 21241538                   /lib/x86_64-linux-gnu/ld-2.19.so
7f1cc9973000-7f1cc9974000 rw-p 00023000 fc:01 21241538                   /lib/x86_64-linux-gnu/ld-2.19.so
7f1cc9974000-7f1cc9975000 rw-p 00000000 00:00 0 
7ffd5f399000-7ffd5f3ba000 rw-p 00000000 00:00 0                          [stack]
7ffd5f3fc000-7ffd5f3fe000 r--p 00000000 00:00 0                          [vvar]
7ffd5f3fe000-7ffd5f400000 r-xp 00000000 00:00 0                          [vdso]
ffffffffff600000-ffffffffff601000 r-xp 00000000 00:00 0                  [vsyscall]

VM Arguments:
jvm_args: -Djava.awt.headless=true -Xmx1024M -Dfile.encoding=UTF-8 -Duser.country=IN -Duser.language=en -Duser.variant 
java_command: com.android.dx.command.Main --dex --force-jumbo --num-threads=4 --output /home/mayo/Workspace/Android/BlueChat/app/build/intermediates/pre-dexed/debug/com.android.support-support-v4-23.4.0_061b3ad238ee078e5e8b12bf0bb6767cafac5405.jar /home/mayo/Workspace/Android/BlueChat/app/build/intermediates/exploded-aar/com.android.support/support-v4/23.4.0/jars/classes.jar
java_class_path (initial): /home/mayo/android/build-tools/23.0.3/lib/dx.jar
Launcher Type: SUN_STANDARD

Environment Variables:
PATH=/usr/local/sbin:/usr/local/bin:/usr/sbin:/usr/bin:/sbin:/bin:/usr/games:/usr/local/games":~/android/platform-tools/
LD_LIBRARY_PATH=/home/mayo/studio/bin:
SHELL=/bin/bash
DISPLAY=:0.0

Signal Handlers:
SIGSEGV: [libjvm.so+0xabca10], sa_mask[0]=11111111011111111101111111111110, sa_flags=SA_RESTART|SA_SIGINFO
SIGBUS: [libjvm.so+0xabca10], sa_mask[0]=11111111011111111101111111111110, sa_flags=SA_RESTART|SA_SIGINFO
SIGFPE: [libjvm.so+0x919a20], sa_mask[0]=11111111011111111101111111111110, sa_flags=SA_RESTART|SA_SIGINFO
SIGPIPE: [libjvm.so+0x919a20], sa_mask[0]=11111111011111111101111111111110, sa_flags=SA_RESTART|SA_SIGINFO
SIGXFSZ: [libjvm.so+0x919a20], sa_mask[0]=11111111011111111101111111111110, sa_flags=SA_RESTART|SA_SIGINFO
SIGILL: [libjvm.so+0x919a20], sa_mask[0]=11111111011111111101111111111110, sa_flags=SA_RESTART|SA_SIGINFO
SIGUSR1: SIG_DFL, sa_mask[0]=00000000000000000000000000000000, sa_flags=none
SIGUSR2: [libjvm.so+0x91b050], sa_mask[0]=00100000000000000000000000000000, sa_flags=SA_RESTART|SA_SIGINFO
SIGHUP: [libjvm.so+0x91c450], sa_mask[0]=11111111011111111101111111111110, sa_flags=SA_RESTART|SA_SIGINFO
SIGINT: [libjvm.so+0x91c450], sa_mask[0]=11111111011111111101111111111110, sa_flags=SA_RESTART|SA_SIGINFO
SIGTERM: [libjvm.so+0x91c450], sa_mask[0]=11111111011111111101111111111110, sa_flags=SA_RESTART|SA_SIGINFO
SIGQUIT: [libjvm.so+0x91c450], sa_mask[0]=11111111011111111101111111111110, sa_flags=SA_RESTART|SA_SIGINFO


---------------  S Y S T E M  ---------------

OS:DISTRIB_ID=Ubuntu
DISTRIB_RELEASE=14.04
DISTRIB_CODENAME=trusty
DISTRIB_DESCRIPTION="Ubuntu 14.04.4 LTS"

uname:Linux 4.2.0-38-generic #45~14.04.1-Ubuntu SMP Thu Jun 9 09:27:51 UTC 2016 x86_64
libc:glibc 2.19 NPTL 2.19 
rlimit: STACK 8192k, CORE 0k, NPROC 14504, NOFILE 4096, AS infinity
load average:13.00 7.06 3.86

/proc/meminfo:
MemTotal:        3930184 kB
MemFree:          597740 kB
MemAvailable:     569664 kB
Buffers:            2704 kB
Cached:           201564 kB
SwapCached:            0 kB
Active:          2988236 kB
Inactive:         149088 kB
Active(anon):    2960168 kB
Inactive(anon):   110688 kB
Active(file):      28068 kB
Inactive(file):    38400 kB
Unevictable:         208 kB
Mlocked:             208 kB
SwapTotal:             0 kB
SwapFree:              0 kB
Dirty:             21848 kB
Writeback:             0 kB
AnonPages:       2933368 kB
Mapped:           111676 kB
Shmem:            137740 kB
Slab:              93192 kB
SReclaimable:      46312 kB
SUnreclaim:        46880 kB
KernelStack:       11504 kB
PageTables:        39984 kB
NFS_Unstable:          0 kB
Bounce:                0 kB
WritebackTmp:          0 kB
CommitLimit:     1965092 kB
Committed_AS:    6838320 kB
VmallocTotal:   34359738367 kB
VmallocUsed:      369012 kB
VmallocChunk:   34358947836 kB
HardwareCorrupted:     0 kB
AnonHugePages:   1615872 kB
CmaTotal:              0 kB
CmaFree:               0 kB
HugePages_Total:       0
HugePages_Free:        0
HugePages_Rsvd:        0
HugePages_Surp:        0
Hugepagesize:       2048 kB
DirectMap4k:      196520 kB
DirectMap2M:     3880960 kB


CPU:total 4 (2 cores per cpu, 2 threads per core) family 6 model 58 stepping 9, cmov, cx8, fxsr, mmx, sse, sse2, sse3, ssse3, sse4.1, sse4.2, popcnt, avx, clmul, erms, ht, tsc, tscinvbit, tscinv

/proc/cpuinfo:
processor	: 0
vendor_id	: GenuineIntel
cpu family	: 6
model		: 58
model name	: Intel(R) Core(TM) i3-3217U CPU @ 1.80GHz
stepping	: 9
microcode	: 0x15
cpu MHz		: 956.320
cache size	: 3072 KB
physical id	: 0
siblings	: 4
core id		: 0
cpu cores	: 2
apicid		: 0
initial apicid	: 0
fpu		: yes
fpu_exception	: yes
cpuid level	: 13
wp		: yes
flags		: fpu vme de pse tsc msr pae mce cx8 apic sep mtrr pge mca cmov pat pse36 clflush dts acpi mmx fxsr sse sse2 ss ht tm pbe syscall nx rdtscp lm constant_tsc arch_perfmon pebs bts rep_good nopl xtopology nonstop_tsc aperfmperf eagerfpu pni pclmulqdq dtes64 monitor ds_cpl vmx est tm2 ssse3 cx16 xtpr pdcm pcid sse4_1 sse4_2 x2apic popcnt tsc_deadline_timer xsave avx f16c lahf_lm ida arat epb pln pts dtherm tpr_shadow vnmi flexpriority ept vpid fsgsbase smep erms xsaveopt
bugs		:
bogomips	: 3591.86
clflush size	: 64
cache_alignment	: 64
address sizes	: 36 bits physical, 48 bits virtual
power management:

processor	: 1
vendor_id	: GenuineIntel
cpu family	: 6
model		: 58
model name	: Intel(R) Core(TM) i3-3217U CPU @ 1.80GHz
stepping	: 9
microcode	: 0x15
cpu MHz		: 1333.898
cache size	: 3072 KB
physical id	: 0
siblings	: 4
core id		: 1
cpu cores	: 2
apicid		: 2
initial apicid	: 2
fpu		: yes
fpu_exception	: yes
cpuid level	: 13
wp		: yes
flags		: fpu vme de pse tsc msr pae mce cx8 apic sep mtrr pge mca cmov pat pse36 clflush dts acpi mmx fxsr sse sse2 ss ht tm pbe syscall nx rdtscp lm constant_tsc arch_perfmon pebs bts rep_good nopl xtopology nonstop_tsc aperfmperf eagerfpu pni pclmulqdq dtes64 monitor ds_cpl vmx est tm2 ssse3 cx16 xtpr pdcm pcid sse4_1 sse4_2 x2apic popcnt tsc_deadline_timer xsave avx f16c lahf_lm ida arat epb pln pts dtherm tpr_shadow vnmi flexpriority ept vpid fsgsbase smep erms xsaveopt
bugs		:
bogomips	: 3591.86
clflush size	: 64
cache_alignment	: 64
address sizes	: 36 bits physical, 48 bits virtual
power management:

processor	: 2
vendor_id	: GenuineIntel
cpu family	: 6
model		: 58
model name	: Intel(R) Core(TM) i3-3217U CPU @ 1.80GHz
stepping	: 9
microcode	: 0x15
cpu MHz		: 827.296
cache size	: 3072 KB
physical id	: 0
siblings	: 4
core id		: 0
cpu cores	: 2
apicid		: 1
initial apicid	: 1
fpu		: yes
fpu_exception	: yes
cpuid level	: 13
wp		: yes
flags		: fpu vme de pse tsc msr pae mce cx8 apic sep mtrr pge mca cmov pat pse36 clflush dts acpi mmx fxsr sse sse2 ss ht tm pbe syscall nx rdtscp lm constant_tsc arch_perfmon pebs bts rep_good nopl xtopology nonstop_tsc aperfmperf eagerfpu pni pclmulqdq dtes64 monitor ds_cpl vmx est tm2 ssse3 cx16 xtpr pdcm pcid sse4_1 sse4_2 x2apic popcnt tsc_deadline_timer xsave avx f16c lahf_lm ida arat epb pln pts dtherm tpr_shadow vnmi flexpriority ept vpid fsgsbase smep erms xsaveopt
bugs		:
bogomips	: 3591.86
clflush size	: 64
cache_alignment	: 64
address sizes	: 36 bits physical, 48 bits virtual
power management:

processor	: 3
vendor_id	: GenuineIntel
cpu family	: 6
model		: 58
model name	: Intel(R) Core(TM) i3-3217U CPU @ 1.80GHz
stepping	: 9
microcode	: 0x15
cpu MHz		: 1450.617
cache size	: 3072 KB
physical id	: 0
siblings	: 4
core id		: 1
cpu cores	: 2
apicid		: 3
initial apicid	: 3
fpu		: yes
fpu_exception	: yes
cpuid level	: 13
wp		: yes
flags		: fpu vme de pse tsc msr pae mce cx8 apic sep mtrr pge mca cmov pat pse36 clflush dts acpi mmx fxsr sse sse2 ss ht tm pbe syscall nx rdtscp lm constant_tsc arch_perfmon pebs bts rep_good nopl xtopology nonstop_tsc aperfmperf eagerfpu pni pclmulqdq dtes64 monitor ds_cpl vmx est tm2 ssse3 cx16 xtpr pdcm pcid sse4_1 sse4_2 x2apic popcnt tsc_deadline_timer xsave avx f16c lahf_lm ida arat epb pln pts dtherm tpr_shadow vnmi flexpriority ept vpid fsgsbase smep erms xsaveopt
bugs		:
bogomips	: 3591.86
clflush size	: 64
cache_alignment	: 64
address sizes	: 36 bits physical, 48 bits virtual
power management:



Memory: 4k page, physical 3930184k(596996k free), swap 0k(0k free)

vm_info: Java HotSpot(TM) 64-Bit Server VM (25.91-b14) for linux-amd64 JRE (1.8.0_91-b14), built on Apr  1 2016 00:57:21 by "java_re" with gcc 4.3.0 20080428 (Red Hat 4.3.0-8)

time: Sat Jun 25 20:07:39 2016
elapsed time: 25 seconds (0d 0h 0m 25s)

